{
  "test:functionals": {
    "coverage": {
      "/home/niyati/assignment_work/ContactForm/ContactForm/app/models/contact.rb": {
        "lines": [
          1,
          null,
          1,
          1,
          1,
          1,
          1,
          null,
          1,
          null,
          1,
          null,
          null,
          1,
          1,
          null,
          null
        ]
      },
      "/home/niyati/assignment_work/ContactForm/ContactForm/app/models/application_record.rb": {
        "lines": [
          1,
          1,
          null
        ]
      },
      "/home/niyati/assignment_work/ContactForm/ContactForm/app/controllers/contacts_controller.rb": {
        "lines": [
          1,
          1,
          null,
          1,
          2,
          2,
          null,
          null,
          null,
          1,
          1,
          1,
          1,
          2,
          null,
          0,
          null,
          null,
          null,
          null,
          1,
          null,
          null,
          1,
          1,
          null,
          null
        ]
      },
      "/home/niyati/assignment_work/ContactForm/ContactForm/app/controllers/application_controller.rb": {
        "lines": [
          1,
          null,
          1,
          0,
          null,
          null
        ]
      },
      "/home/niyati/assignment_work/ContactForm/ContactForm/app/helpers/application_helper.rb": {
        "lines": [
          1,
          null
        ]
      },
      "/home/niyati/assignment_work/ContactForm/ContactForm/app/mailers/user_mailer.rb": {
        "lines": [
          1,
          null,
          null,
          1,
          0,
          0,
          0,
          0,
          null,
          null
        ]
      },
      "/home/niyati/assignment_work/ContactForm/ContactForm/app/mailers/application_mailer.rb": {
        "lines": [
          1,
          1,
          1,
          null,
          1,
          0,
          null,
          null
        ]
      },
      "/home/niyati/assignment_work/ContactForm/ContactForm/app/channels/application_cable/connection.rb": {
        "lines": [
          0,
          0,
          0,
          0
        ],
        "branches": {
        }
      },
      "/home/niyati/assignment_work/ContactForm/ContactForm/app/channels/application_cable/channel.rb": {
        "lines": [
          0,
          0,
          0,
          0
        ],
        "branches": {
        }
      },
      "/home/niyati/assignment_work/ContactForm/ContactForm/app/jobs/application_job.rb": {
        "lines": [
          0,
          null,
          null,
          null,
          null,
          null,
          0
        ],
        "branches": {
        }
      }
    },
    "timestamp": 1626271768
  },
  "RSpec": {
    "coverage": {
      "/home/niyati/assignment_work/ContactForm/ContactForm/bin/spring": {
        "lines": [
          null,
          1,
          0,
          0,
          null,
          null,
          0,
          0,
          0,
          0,
          null,
          null,
          null,
          null
        ]
      },
      "/home/niyati/assignment_work/ContactForm/ContactForm/bin/rails": {
        "lines": [
          null,
          null,
          1,
          1,
          1,
          1,
          null,
          1,
          1,
          1,
          null,
          1
        ]
      },
      "/home/niyati/assignment_work/ContactForm/ContactForm/app/channels/application_cable/connection.rb": {
        "lines": [
          0,
          0,
          0,
          0
        ],
        "branches": {
        }
      },
      "/home/niyati/assignment_work/ContactForm/ContactForm/app/channels/application_cable/channel.rb": {
        "lines": [
          0,
          0,
          0,
          0
        ],
        "branches": {
        }
      },
      "/home/niyati/assignment_work/ContactForm/ContactForm/app/jobs/application_job.rb": {
        "lines": [
          0,
          null,
          null,
          null,
          null,
          null,
          0
        ],
        "branches": {
        }
      },
      "/home/niyati/assignment_work/ContactForm/ContactForm/app/controllers/application_controller.rb": {
        "lines": [
          0,
          null,
          0,
          0,
          0,
          0
        ],
        "branches": {
        }
      },
      "/home/niyati/assignment_work/ContactForm/ContactForm/app/controllers/contacts_controller.rb": {
        "lines": [
          0,
          0,
          null,
          0,
          0,
          0,
          0,
          null,
          null,
          0,
          0,
          0,
          0,
          0,
          0,
          0,
          0,
          0,
          0,
          null,
          0,
          null,
          null,
          0,
          0,
          0,
          0
        ],
        "branches": {
        }
      },
      "/home/niyati/assignment_work/ContactForm/ContactForm/app/mailers/application_mailer.rb": {
        "lines": [
          0,
          0,
          0,
          null,
          0,
          0,
          0,
          0
        ],
        "branches": {
        }
      },
      "/home/niyati/assignment_work/ContactForm/ContactForm/app/mailers/user_mailer.rb": {
        "lines": [
          0,
          null,
          null,
          0,
          0,
          0,
          0,
          0,
          0,
          0
        ],
        "branches": {
        }
      },
      "/home/niyati/assignment_work/ContactForm/ContactForm/app/models/contact.rb": {
        "lines": [
          0,
          null,
          0,
          0,
          0,
          0,
          0,
          null,
          0,
          null,
          0,
          null,
          null,
          0,
          0,
          0,
          0
        ],
        "branches": {
        }
      },
      "/home/niyati/assignment_work/ContactForm/ContactForm/app/models/application_record.rb": {
        "lines": [
          0,
          0,
          0
        ],
        "branches": {
        }
      },
      "/home/niyati/assignment_work/ContactForm/ContactForm/app/helpers/application_helper.rb": {
        "lines": [
          0,
          0
        ],
        "branches": {
        }
      }
    },
    "timestamp": 1626271756
  },
  "test:units": {
    "coverage": {
      "/home/niyati/assignment_work/ContactForm/ContactForm/bin/spring": {
        "lines": [
          null,
          1,
          0,
          0,
          null,
          null,
          0,
          0,
          0,
          0,
          null,
          null,
          null,
          null
        ]
      },
      "/home/niyati/assignment_work/ContactForm/ContactForm/app/models/contact.rb": {
        "lines": [
          1,
          null,
          1,
          1,
          1,
          1,
          1,
          null,
          1,
          null,
          1,
          null,
          null,
          1,
          7,
          null,
          null
        ]
      },
      "/home/niyati/assignment_work/ContactForm/ContactForm/app/models/application_record.rb": {
        "lines": [
          1,
          1,
          null
        ]
      },
      "/home/niyati/assignment_work/ContactForm/ContactForm/app/mailers/user_mailer.rb": {
        "lines": [
          1,
          null,
          null,
          1,
          1,
          1,
          1,
          1,
          null,
          null
        ]
      },
      "/home/niyati/assignment_work/ContactForm/ContactForm/app/mailers/application_mailer.rb": {
        "lines": [
          1,
          1,
          1,
          null,
          1,
          1,
          null,
          null
        ]
      },
      "/home/niyati/assignment_work/ContactForm/ContactForm/app/helpers/application_helper.rb": {
        "lines": [
          1,
          null
        ]
      },
      "/home/niyati/assignment_work/ContactForm/ContactForm/app/controllers/contacts_controller.rb": {
        "lines": [
          1,
          1,
          null,
          1,
          2,
          2,
          null,
          null,
          null,
          1,
          1,
          1,
          1,
          2,
          null,
          0,
          null,
          null,
          null,
          null,
          1,
          null,
          null,
          1,
          1,
          null,
          null
        ]
      },
      "/home/niyati/assignment_work/ContactForm/ContactForm/app/controllers/application_controller.rb": {
        "lines": [
          1,
          null,
          1,
          0,
          null,
          null
        ]
      },
      "/home/niyati/assignment_work/ContactForm/ContactForm/app/channels/application_cable/connection.rb": {
        "lines": [
          0,
          0,
          0,
          0
        ],
        "branches": {
        }
      },
      "/home/niyati/assignment_work/ContactForm/ContactForm/app/channels/application_cable/channel.rb": {
        "lines": [
          0,
          0,
          0,
          0
        ],
        "branches": {
        }
      },
      "/home/niyati/assignment_work/ContactForm/ContactForm/app/jobs/application_job.rb": {
        "lines": [
          0,
          null,
          null,
          null,
          null,
          null,
          0
        ],
        "branches": {
        }
      }
    },
    "timestamp": 1626271781
  },
  "Unknown Test Framework": {
    "coverage": {
      "/home/niyati/assignment_work/ContactForm/ContactForm/bin/spring": {
        "lines": [
          null,
          1,
          1,
          1,
          null,
          null,
          73,
          1,
          1,
          1,
          null,
          null,
          null,
          null
        ]
      },
      "/home/niyati/assignment_work/ContactForm/ContactForm/app/channels/application_cable/connection.rb": {
        "lines": [
          0,
          0,
          0,
          0
        ],
        "branches": {
        }
      },
      "/home/niyati/assignment_work/ContactForm/ContactForm/app/channels/application_cable/channel.rb": {
        "lines": [
          0,
          0,
          0,
          0
        ],
        "branches": {
        }
      },
      "/home/niyati/assignment_work/ContactForm/ContactForm/app/jobs/application_job.rb": {
        "lines": [
          0,
          null,
          null,
          null,
          null,
          null,
          0
        ],
        "branches": {
        }
      },
      "/home/niyati/assignment_work/ContactForm/ContactForm/app/controllers/application_controller.rb": {
        "lines": [
          0,
          null,
          0,
          0,
          0,
          0
        ],
        "branches": {
        }
      },
      "/home/niyati/assignment_work/ContactForm/ContactForm/app/controllers/contacts_controller.rb": {
        "lines": [
          0,
          0,
          null,
          0,
          0,
          0,
          0,
          null,
          null,
          0,
          0,
          0,
          0,
          0,
          0,
          0,
          0,
          0,
          0,
          null,
          0,
          null,
          null,
          0,
          0,
          0,
          0
        ],
        "branches": {
        }
      },
      "/home/niyati/assignment_work/ContactForm/ContactForm/app/mailers/application_mailer.rb": {
        "lines": [
          0,
          0,
          0,
          null,
          0,
          0,
          0,
          0
        ],
        "branches": {
        }
      },
      "/home/niyati/assignment_work/ContactForm/ContactForm/app/mailers/user_mailer.rb": {
        "lines": [
          0,
          null,
          null,
          0,
          0,
          0,
          0,
          0,
          0,
          0
        ],
        "branches": {
        }
      },
      "/home/niyati/assignment_work/ContactForm/ContactForm/app/models/contact.rb": {
        "lines": [
          0,
          null,
          0,
          0,
          0,
          0,
          0,
          null,
          0,
          null,
          0,
          null,
          null,
          0,
          0,
          0,
          0
        ],
        "branches": {
        }
      },
      "/home/niyati/assignment_work/ContactForm/ContactForm/app/models/application_record.rb": {
        "lines": [
          0,
          0,
          0
        ],
        "branches": {
        }
      },
      "/home/niyati/assignment_work/ContactForm/ContactForm/app/helpers/application_helper.rb": {
        "lines": [
          0,
          0
        ],
        "branches": {
        }
      }
    },
    "timestamp": 1626271781
  }
}
